2017-06-21 17:07:06,891 DEBUG [testtask.views:18][MainThread] Returning: say (content-type: text/plain)
2017-06-21 17:07:07,052 DEBUG [testtask.views:24][MainThread] Returning: {'count': 111, 'author': 'Ray Bradbury', 'title': 'Dandelion Wine'} (content-type: text/plain)
2017-06-21 17:07:07,053 DEBUG [testtask.views:24][MainThread] Returning: {'count': 135, 'author': 'Michael Ridpath', 'title': 'Free To Trade'} (content-type: text/plain)
2017-06-21 17:07:07,098 DEBUG [testtask.views:24][MainThread] Returning: {'count': 0, 'author': 'Charles Perrault', 'title': 'Little Red Riding Hood'} (content-type: text/plain)
2017-06-21 17:07:07,099 DEBUG [testtask.views:24][MainThread] Returning: {'count': 72, 'author': 'Lewis Carroll', 'title': "Alice's adventures in Wonderland"} (content-type: text/plain)
2017-06-21 17:07:07,165 DEBUG [testtask.views:24][MainThread] Returning: {'count': 88, 'author': 'Mikhail Bulgakov', 'title': 'The Master and Margarita'} (content-type: text/plain)
2017-06-21 17:07:07,170 DEBUG [testtask.views:24][MainThread] Returning: {'count': 255, 'author': 'Nelle Harper Lee', 'title': 'To Kill a Mockingbird'} (content-type: text/plain)
2017-06-21 17:07:07,176 DEBUG [testtask.views:24][MainThread] Returning: {'count': 481, 'author': 'Ken Kesey', 'title': "One flew over cuckoo's nest"} (content-type: text/plain)
2017-06-21 17:07:07,181 DEBUG [testtask.views:24][MainThread] Returning: {'count': 1105, 'author': 'Winston Groom', 'title': 'Forrest Gump'} (content-type: text/plain)
2017-06-21 17:07:07,186 DEBUG [testtask.views:24][MainThread] Returning: {'count': 89, 'author': 'Richard Stevenson', 'title': 'Chain of Fools'} (content-type: text/plain)
2017-06-21 17:07:07,188 DEBUG [testtask.views:24][MainThread] Returning: {'count': 65, 'author': 'Bill Pronzini', 'title': 'Labyrinth'} (content-type: text/plain)
2017-06-21 17:07:07,191 DEBUG [testtask.views:24][MainThread] Returning: {'count': 53, 'author': 'John Lutz', 'title': 'Flame'} (content-type: text/plain)
2017-06-21 17:07:07,196 DEBUG [testtask.views:24][MainThread] Returning: {'count': 221, 'author': 'Stephen Leather', 'title': 'Nightmare'} (content-type: text/plain)
2017-06-21 17:07:07,198 DEBUG [testtask.views:24][MainThread] Returning: {'count': 101, 'author': 'William X. Kienzle', 'title': 'Sudden Death'} (content-type: text/plain)
2017-06-21 17:07:07,250 DEBUG [testtask.views:24][MainThread] Returning: {'count': 106, 'author': 'William X. Kienzle', 'title': 'Chameleon'} (content-type: text/plain)
2017-06-21 17:07:07,252 DEBUG [testtask.views:24][MainThread] Returning: {'count': 115, 'author': 'Lexi Blake', 'title': 'Love and Let Die'} (content-type: text/plain)
2017-06-21 17:07:07,253 DEBUG [testtask.views:24][MainThread] Returning: {'count': 136, 'author': 'D. B. Jackson', 'title': 'Thieftaker'} (content-type: text/plain)
2017-06-21 17:07:07,253 DEBUG [testtask.views:24][MainThread] Returning: {'count': 89, 'author': 'Michael Jecks', 'title': "King's Gold"} (content-type: text/plain)
2017-06-21 17:07:07,255 DEBUG [testtask.views:24][MainThread] Returning: {'count': 89, 'author': 'Edward Marston', 'title': 'Railway to the Grave'} (content-type: text/plain)
2017-06-21 17:07:07,256 DEBUG [testtask.views:24][MainThread] Returning: {'count': 118, 'author': 'Eliot Pattison', 'title': 'Eye of the Raven'} (content-type: text/plain)
2017-06-21 17:07:07,256 DEBUG [testtask.views:24][MainThread] Returning: {'count': 180, 'author': 'Anne Perry', 'title': 'Southampton Row'} (content-type: text/plain)
2017-06-21 17:07:07,263 DEBUG [testtask.views:24][MainThread] Returning: {'count': 153, 'author': 'Peter Tremayne', 'title': 'Valley of the Shadow'} (content-type: text/plain)
2017-06-21 17:08:51,790 DEBUG [testtask.views:18][MainThread] Returning: where (content-type: text/plain)
2017-06-21 17:08:52,852 ERROR [pyramid_debugtoolbar:227][MainThread] Exception at http://localhost:6543/results
traceback url: http://localhost:6543/_debug_toolbar/exception?token=c3983a163116909ace3c&tb=74792016
Traceback (most recent call last):
  File "C:\Python27\lib\site-packages\pyramid_debugtoolbar\toolbar.py", line 209, in toolbar_tween
    response = _handler(request)
  File "C:\Python27\lib\site-packages\pyramid_debugtoolbar\panels\performance.py", line 71, in noresource_timer_handler
    result = handler(request)
  File "C:\Python27\lib\site-packages\pyramid-1.7b4-py2.7.egg\pyramid\tweens.py", line 62, in excview_tween
    reraise(*attrs['exc_info'])
  File "C:\Python27\lib\site-packages\pyramid-1.7b4-py2.7.egg\pyramid\tweens.py", line 22, in excview_tween
    response = handler(request)
  File "C:\Python27\lib\site-packages\pyramid-1.7b4-py2.7.egg\pyramid\router.py", line 158, in handle_request
    view_name
  File "C:\Python27\lib\site-packages\pyramid-1.7b4-py2.7.egg\pyramid\view.py", line 547, in _call_view
    response = view_callable(context, request)
  File "C:\Python27\lib\site-packages\pyramid-1.7b4-py2.7.egg\pyramid\viewderivers.py", line 442, in rendered_view
    result = view(context, request)
  File "C:\Python27\lib\site-packages\pyramid-1.7b4-py2.7.egg\pyramid\viewderivers.py", line 147, in _requestonly_view
    response = view(request)
  File "d:\python\findinabook\testtask\views.py", line 107, in view_res
    res = operate(request,title,email)
  File "d:\python\findinabook\testtask\views.py", line 20, in operate
    for row in res:
  File "C:\Python27\lib\site-packages\pymongo\cursor.py", line 1090, in next
    if len(self.__data) or self._refresh():
  File "C:\Python27\lib\site-packages\pymongo\cursor.py", line 1022, in _refresh
    self.__uuid_subtype))
  File "C:\Python27\lib\site-packages\pymongo\cursor.py", line 933, in __send_message
    res = client._send_message_with_response(message, **kwargs)
  File "C:\Python27\lib\site-packages\pymongo\mongo_client.py", line 1200, in _send_message_with_response
    sock_info = self.__socket(member)
  File "C:\Python27\lib\site-packages\pymongo\mongo_client.py", line 929, in __socket
    "%s %s" % (host_details, str(why)))
AutoReconnect: could not connect to localhost:27017: [Errno 10061] No connection could be made because the target machine actively refused it
2017-06-21 17:14:47,095 DEBUG [testtask.views:18][MainThread] Returning: where (content-type: text/plain)
2017-06-21 17:14:47,118 DEBUG [testtask.views:24][MainThread] Returning: {'count': 136, 'author': 'Ray Bradbury', 'title': 'Dandelion Wine'} (content-type: text/plain)
2017-06-21 17:14:47,119 DEBUG [testtask.views:24][MainThread] Returning: {'count': 120, 'author': 'Michael Ridpath', 'title': 'Free To Trade'} (content-type: text/plain)
2017-06-21 17:14:47,194 DEBUG [testtask.views:24][MainThread] Returning: {'count': 1, 'author': 'Charles Perrault', 'title': 'Little Red Riding Hood'} (content-type: text/plain)
2017-06-21 17:14:47,196 DEBUG [testtask.views:24][MainThread] Returning: {'count': 18, 'author': 'Lewis Carroll', 'title': "Alice's adventures in Wonderland"} (content-type: text/plain)
2017-06-21 17:14:47,197 DEBUG [testtask.views:24][MainThread] Returning: {'count': 171, 'author': 'Mikhail Bulgakov', 'title': 'The Master and Margarita'} (content-type: text/plain)
2017-06-21 17:14:47,197 DEBUG [testtask.views:24][MainThread] Returning: {'count': 109, 'author': 'Nelle Harper Lee', 'title': 'To Kill a Mockingbird'} (content-type: text/plain)
2017-06-21 17:14:47,198 DEBUG [testtask.views:24][MainThread] Returning: {'count': 216, 'author': 'Ken Kesey', 'title': "One flew over cuckoo's nest"} (content-type: text/plain)
2017-06-21 17:14:47,200 DEBUG [testtask.views:24][MainThread] Returning: {'count': 158, 'author': 'Winston Groom', 'title': 'Forrest Gump'} (content-type: text/plain)
2017-06-21 17:14:47,200 DEBUG [testtask.views:24][MainThread] Returning: {'count': 119, 'author': 'Richard Stevenson', 'title': 'Chain of Fools'} (content-type: text/plain)
2017-06-21 17:14:47,201 DEBUG [testtask.views:24][MainThread] Returning: {'count': 133, 'author': 'Bill Pronzini', 'title': 'Labyrinth'} (content-type: text/plain)
2017-06-21 17:14:47,203 DEBUG [testtask.views:24][MainThread] Returning: {'count': 133, 'author': 'John Lutz', 'title': 'Flame'} (content-type: text/plain)
2017-06-21 17:14:47,203 DEBUG [testtask.views:24][MainThread] Returning: {'count': 125, 'author': 'Stephen Leather', 'title': 'Nightmare'} (content-type: text/plain)
2017-06-21 17:14:47,207 DEBUG [testtask.views:24][MainThread] Returning: {'count': 129, 'author': 'William X. Kienzle', 'title': 'Sudden Death'} (content-type: text/plain)
2017-06-21 17:14:47,262 DEBUG [testtask.views:24][MainThread] Returning: {'count': 121, 'author': 'William X. Kienzle', 'title': 'Chameleon'} (content-type: text/plain)
2017-06-21 17:14:47,265 DEBUG [testtask.views:24][MainThread] Returning: {'count': 172, 'author': 'Lexi Blake', 'title': 'Love and Let Die'} (content-type: text/plain)
2017-06-21 17:14:47,266 DEBUG [testtask.views:24][MainThread] Returning: {'count': 158, 'author': 'D. B. Jackson', 'title': 'Thieftaker'} (content-type: text/plain)
2017-06-21 17:14:47,269 DEBUG [testtask.views:24][MainThread] Returning: {'count': 174, 'author': 'Michael Jecks', 'title': "King's Gold"} (content-type: text/plain)
2017-06-21 17:14:47,269 DEBUG [testtask.views:24][MainThread] Returning: {'count': 92, 'author': 'Edward Marston', 'title': 'Railway to the Grave'} (content-type: text/plain)
2017-06-21 17:14:47,272 DEBUG [testtask.views:24][MainThread] Returning: {'count': 149, 'author': 'Eliot Pattison', 'title': 'Eye of the Raven'} (content-type: text/plain)
2017-06-21 17:14:47,275 DEBUG [testtask.views:24][MainThread] Returning: {'count': 180, 'author': 'Anne Perry', 'title': 'Southampton Row'} (content-type: text/plain)
2017-06-21 17:14:47,282 DEBUG [testtask.views:24][MainThread] Returning: {'count': 154, 'author': 'Peter Tremayne', 'title': 'Valley of the Shadow'} (content-type: text/plain)
2017-06-21 17:14:58,947 DEBUG [testtask.views:18][MainThread] Returning: the (content-type: text/plain)
2017-06-21 17:14:58,959 DEBUG [testtask.views:24][MainThread] Returning: {'count': 5311, 'author': 'Ray Bradbury', 'title': 'Dandelion Wine'} (content-type: text/plain)
2017-06-21 17:14:58,961 DEBUG [testtask.views:24][MainThread] Returning: {'count': 6582, 'author': 'Michael Ridpath', 'title': 'Free To Trade'} (content-type: text/plain)
2017-06-21 17:14:59,005 DEBUG [testtask.views:24][MainThread] Returning: {'count': 126, 'author': 'Charles Perrault', 'title': 'Little Red Riding Hood'} (content-type: text/plain)
2017-06-21 17:14:59,006 DEBUG [testtask.views:24][MainThread] Returning: {'count': 2095, 'author': 'Lewis Carroll', 'title': "Alice's adventures in Wonderland"} (content-type: text/plain)
2017-06-21 17:14:59,007 DEBUG [testtask.views:24][MainThread] Returning: {'count': 6499, 'author': 'Mikhail Bulgakov', 'title': 'The Master and Margarita'} (content-type: text/plain)
2017-06-21 17:14:59,009 DEBUG [testtask.views:24][MainThread] Returning: {'count': 5471, 'author': 'Nelle Harper Lee', 'title': 'To Kill a Mockingbird'} (content-type: text/plain)
2017-06-21 17:14:59,012 DEBUG [testtask.views:24][MainThread] Returning: {'count': 8520, 'author': 'Ken Kesey', 'title': "One flew over cuckoo's nest"} (content-type: text/plain)
2017-06-21 17:14:59,013 DEBUG [testtask.views:24][MainThread] Returning: {'count': 4712, 'author': 'Winston Groom', 'title': 'Forrest Gump'} (content-type: text/plain)
2017-06-21 17:14:59,013 DEBUG [testtask.views:24][MainThread] Returning: {'count': 3771, 'author': 'Richard Stevenson', 'title': 'Chain of Fools'} (content-type: text/plain)
2017-06-21 17:14:59,015 DEBUG [testtask.views:24][MainThread] Returning: {'count': 3923, 'author': 'Bill Pronzini', 'title': 'Labyrinth'} (content-type: text/plain)
2017-06-21 17:14:59,016 DEBUG [testtask.views:24][MainThread] Returning: {'count': 4924, 'author': 'John Lutz', 'title': 'Flame'} (content-type: text/plain)
2017-06-21 17:14:59,019 DEBUG [testtask.views:24][MainThread] Returning: {'count': 6975, 'author': 'Stephen Leather', 'title': 'Nightmare'} (content-type: text/plain)
2017-06-21 17:14:59,020 DEBUG [testtask.views:24][MainThread] Returning: {'count': 7385, 'author': 'William X. Kienzle', 'title': 'Sudden Death'} (content-type: text/plain)
2017-06-21 17:14:59,068 DEBUG [testtask.views:24][MainThread] Returning: {'count': 6612, 'author': 'William X. Kienzle', 'title': 'Chameleon'} (content-type: text/plain)
2017-06-21 17:14:59,071 DEBUG [testtask.views:24][MainThread] Returning: {'count': 6770, 'author': 'Lexi Blake', 'title': 'Love and Let Die'} (content-type: text/plain)
2017-06-21 17:14:59,072 DEBUG [testtask.views:24][MainThread] Returning: {'count': 6690, 'author': 'D. B. Jackson', 'title': 'Thieftaker'} (content-type: text/plain)
2017-06-21 17:14:59,076 DEBUG [testtask.views:24][MainThread] Returning: {'count': 10230, 'author': 'Michael Jecks', 'title': "King's Gold"} (content-type: text/plain)
2017-06-21 17:14:59,078 DEBUG [testtask.views:24][MainThread] Returning: {'count': 5609, 'author': 'Edward Marston', 'title': 'Railway to the Grave'} (content-type: text/plain)
2017-06-21 17:14:59,081 DEBUG [testtask.views:24][MainThread] Returning: {'count': 10346, 'author': 'Eliot Pattison', 'title': 'Eye of the Raven'} (content-type: text/plain)
2017-06-21 17:14:59,082 DEBUG [testtask.views:24][MainThread] Returning: {'count': 7078, 'author': 'Anne Perry', 'title': 'Southampton Row'} (content-type: text/plain)
2017-06-21 17:14:59,089 DEBUG [testtask.views:24][MainThread] Returning: {'count': 7432, 'author': 'Peter Tremayne', 'title': 'Valley of the Shadow'} (content-type: text/plain)
2017-06-21 17:43:06,384 DEBUG [testtask.views:18][MainThread] Returning: here (content-type: text/plain)
2017-06-21 17:43:06,466 DEBUG [testtask.views:24][MainThread] Returning: {'count': 692, 'author': 'Ray Bradbury', 'title': 'Dandelion Wine'} (content-type: text/plain)
2017-06-21 17:43:06,467 DEBUG [testtask.views:24][MainThread] Returning: {'count': 786, 'author': 'Michael Ridpath', 'title': 'Free To Trade'} (content-type: text/plain)
2017-06-21 17:43:06,542 DEBUG [testtask.views:24][MainThread] Returning: {'count': 13, 'author': 'Charles Perrault', 'title': 'Little Red Riding Hood'} (content-type: text/plain)
2017-06-21 17:43:06,543 DEBUG [testtask.views:24][MainThread] Returning: {'count': 161, 'author': 'Lewis Carroll', 'title': "Alice's adventures in Wonderland"} (content-type: text/plain)
2017-06-21 17:43:06,545 DEBUG [testtask.views:24][MainThread] Returning: {'count': 711, 'author': 'Mikhail Bulgakov', 'title': 'The Master and Margarita'} (content-type: text/plain)
2017-06-21 17:43:06,546 DEBUG [testtask.views:24][MainThread] Returning: {'count': 596, 'author': 'Nelle Harper Lee', 'title': 'To Kill a Mockingbird'} (content-type: text/plain)
2017-06-21 17:43:06,548 DEBUG [testtask.views:24][MainThread] Returning: {'count': 876, 'author': 'Ken Kesey', 'title': "One flew over cuckoo's nest"} (content-type: text/plain)
2017-06-21 17:43:06,549 DEBUG [testtask.views:24][MainThread] Returning: {'count': 695, 'author': 'Winston Groom', 'title': 'Forrest Gump'} (content-type: text/plain)
2017-06-21 17:43:06,549 DEBUG [testtask.views:24][MainThread] Returning: {'count': 413, 'author': 'Richard Stevenson', 'title': 'Chain of Fools'} (content-type: text/plain)
2017-06-21 17:43:06,594 DEBUG [testtask.views:24][MainThread] Returning: {'count': 557, 'author': 'Bill Pronzini', 'title': 'Labyrinth'} (content-type: text/plain)
2017-06-21 17:43:06,595 DEBUG [testtask.views:24][MainThread] Returning: {'count': 528, 'author': 'John Lutz', 'title': 'Flame'} (content-type: text/plain)
2017-06-21 17:43:06,595 DEBUG [testtask.views:24][MainThread] Returning: {'count': 1000, 'author': 'Stephen Leather', 'title': 'Nightmare'} (content-type: text/plain)
2017-06-21 17:43:06,598 DEBUG [testtask.views:24][MainThread] Returning: {'count': 717, 'author': 'William X. Kienzle', 'title': 'Sudden Death'} (content-type: text/plain)
2017-06-21 17:43:06,651 DEBUG [testtask.views:24][MainThread] Returning: {'count': 676, 'author': 'William X. Kienzle', 'title': 'Chameleon'} (content-type: text/plain)
2017-06-21 17:43:06,654 DEBUG [testtask.views:24][MainThread] Returning: {'count': 862, 'author': 'Lexi Blake', 'title': 'Love and Let Die'} (content-type: text/plain)
2017-06-21 17:43:06,688 DEBUG [testtask.views:24][MainThread] Returning: {'count': 650, 'author': 'D. B. Jackson', 'title': 'Thieftaker'} (content-type: text/plain)
2017-06-21 17:43:06,690 DEBUG [testtask.views:24][MainThread] Returning: {'count': 1532, 'author': 'Michael Jecks', 'title': "King's Gold"} (content-type: text/plain)
2017-06-21 17:43:06,691 DEBUG [testtask.views:24][MainThread] Returning: {'count': 764, 'author': 'Edward Marston', 'title': 'Railway to the Grave'} (content-type: text/plain)
2017-06-21 17:43:06,693 DEBUG [testtask.views:24][MainThread] Returning: {'count': 642, 'author': 'Eliot Pattison', 'title': 'Eye of the Raven'} (content-type: text/plain)
2017-06-21 17:43:06,694 DEBUG [testtask.views:24][MainThread] Returning: {'count': 858, 'author': 'Anne Perry', 'title': 'Southampton Row'} (content-type: text/plain)
2017-06-21 17:43:06,700 DEBUG [testtask.views:24][MainThread] Returning: {'count': 915, 'author': 'Peter Tremayne', 'title': 'Valley of the Shadow'} (content-type: text/plain)
